<?xml version="1.0" encoding="UTF-8" ?>
<testsuite 
errors="0" failures="0" hostname="Marshalls-MacBook-Pro-3.local" name="org.scalatest.junit.JUnitWrapperSuite" tests="0" time="0.02" timestamp="2023-03-22T14:33:11">
  <properties>
    <property name="java.runtime.name" value="Java(TM) SE Runtime Environment">
    </property>
    <property name="java.vm.version" value="11.0.18+9-LTS-195"/>
    <property 
    name="sun.boot.library.path" value="/Users/marshalljones/cs167/jdk-11.0.18.jdk/Contents/Home/lib">
</property>
    <property name="gopherProxySet" value="false"/>
    <property name="java.vm.vendor" value="Oracle Corporation"/>
    <property name="java.vendor.url" value="https://openjdk.java.net/"/>
    <property name="path.separator" value=":"/>
    <property name="java.vm.name" value="Java HotSpot(TM) 64-Bit Server VM"/>
    <property name="sun.os.patch.level" value="unknown"/>
    <property name="user.country" value="US"/>
    <property name="sun.java.launcher" value="SUN_STANDARD"/>
    <property 
    name="java.vm.specification.name" value="Java Virtual Machine Specification">
</property>
    <property 
    name="user.dir" value="/Users/marshalljones/cs167/first_workspace/mjone032_lab6">
</property>
    <property name="java.vm.compressedOopsMode" value="Zero based"/>
    <property name="java.runtime.version" value="11.0.18+9-LTS-195"/>
    <property name="java.awt.graphicsenv" value="sun.awt.CGraphicsEnvironment">
    </property>
    <property 
    name="basedir" value="/Users/marshalljones/cs167/first_workspace/mjone032_lab6">
</property>
    <property name="os.arch" value="aarch64"/>
    <property 
    name="java.io.tmpdir" value="/var/folders/24/ts6kb9bn7ndfnwgkn55l8mqw0000gn/T/">
</property>
    <property name="line.separator" value=" "/>
    <property name="java.vm.specification.vendor" value="Oracle Corporation"/>
    <property name="os.name" value="Mac OS X"/>
    <property name="sun.jnu.encoding" value="UTF-8"/>
    <property 
    name="java.library.path" value="/Users/marshalljones/Library/Java/Extensions:/Library/Java/Extensions:/Network/Library/Java/Extensions:/System/Library/Java/Extensions:/usr/lib/java:.">
</property>
    <property name="jdk.debug" value="release"/>
    <property name="java.class.version" value="55.0"/>
    <property 
    name="java.specification.name" value="Java Platform API Specification">
</property>
    <property 
    name="sun.management.compiler" value="HotSpot 64-Bit Tiered Compilers">
</property>
    <property name="os.version" value="13.2.1"/>
    <property 
    name="http.nonProxyHosts" value="local|*.local|169.254/16|*.169.254/16">
</property>
    <property name="user.home" value="/Users/marshalljones"/>
    <property name="user.timezone" value=""/>
    <property name="java.awt.printerjob" value="sun.lwawt.macosx.CPrinterJob"/>
    <property name="file.encoding" value="UTF-8"/>
    <property name="java.specification.version" value="11"/>
    <property name="user.name" value="marshalljones"/>
    <property 
    name="java.class.path" value="/Users/marshalljones/cs167/first_workspace/mjone032_lab6/target/test-classes:/Users/marshalljones/cs167/first_workspace/mjone032_lab6/target/classes:/Users/marshalljones/.m2/repository/org/scala-lang/scala-library/2.12.6/scala-library-2.12.6.jar:/Users/marshalljones/.m2/repository/junit/junit/4.12/junit-4.12.jar:/Users/marshalljones/.m2/repository/org/hamcrest/hamcrest-core/1.3/hamcrest-core-1.3.jar:/Users/marshalljones/.m2/repository/org/scalatest/scalatest_2.12/3.0.5/scalatest_2.12-3.0.5.jar:/Users/marshalljones/.m2/repository/org/scalactic/scalactic_2.12/3.0.5/scalactic_2.12-3.0.5.jar:/Users/marshalljones/.m2/repository/org/scala-lang/scala-reflect/2.12.4/scala-reflect-2.12.4.jar:/Users/marshalljones/.m2/repository/org/scala-lang/modules/scala-xml_2.12/1.0.6/scala-xml_2.12-1.0.6.jar:/Users/marshalljones/.m2/repository/org/apache/spark/spark-sql_2.12/3.2.1/spark-sql_2.12-3.2.1.jar:/Users/marshalljones/.m2/repository/org/rocksdb/rocksdbjni/6.20.3/rocksdbjni-6.20.3.jar:/Users/marshalljones/.m2/repository/com/univocity/univocity-parsers/2.9.1/univocity-parsers-2.9.1.jar:/Users/marshalljones/.m2/repository/org/apache/spark/spark-sketch_2.12/3.2.1/spark-sketch_2.12-3.2.1.jar:/Users/marshalljones/.m2/repository/org/apache/spark/spark-catalyst_2.12/3.2.1/spark-catalyst_2.12-3.2.1.jar:/Users/marshalljones/.m2/repository/org/scala-lang/modules/scala-parser-combinators_2.12/1.1.2/scala-parser-combinators_2.12-1.1.2.jar:/Users/marshalljones/.m2/repository/org/codehaus/janino/janino/3.0.16/janino-3.0.16.jar:/Users/marshalljones/.m2/repository/org/codehaus/janino/commons-compiler/3.0.16/commons-compiler-3.0.16.jar:/Users/marshalljones/.m2/repository/org/antlr/antlr4-runtime/4.8/antlr4-runtime-4.8.jar:/Users/marshalljones/.m2/repository/javax/xml/bind/jaxb-api/2.2.11/jaxb-api-2.2.11.jar:/Users/marshalljones/.m2/repository/org/apache/arrow/arrow-vector/2.0.0/arrow-vector-2.0.0.jar:/Users/marshalljones/.m2/repository/org/apache/arrow/arrow-format/2.0.0/arrow-format-2.0.0.jar:/Users/marshalljones/.m2/repository/org/apache/arrow/arrow-memory-core/2.0.0/arrow-memory-core-2.0.0.jar:/Users/marshalljones/.m2/repository/com/google/flatbuffers/flatbuffers-java/1.9.0/flatbuffers-java-1.9.0.jar:/Users/marshalljones/.m2/repository/org/apache/arrow/arrow-memory-netty/2.0.0/arrow-memory-netty-2.0.0.jar:/Users/marshalljones/.m2/repository/org/apache/spark/spark-tags_2.12/3.2.1/spark-tags_2.12-3.2.1.jar:/Users/marshalljones/.m2/repository/org/apache/orc/orc-core/1.6.12/orc-core-1.6.12.jar:/Users/marshalljones/.m2/repository/org/apache/orc/orc-shims/1.6.12/orc-shims-1.6.12.jar:/Users/marshalljones/.m2/repository/com/google/protobuf/protobuf-java/2.5.0/protobuf-java-2.5.0.jar:/Users/marshalljones/.m2/repository/io/airlift/aircompressor/0.21/aircompressor-0.21.jar:/Users/marshalljones/.m2/repository/org/jetbrains/annotations/17.0.0/annotations-17.0.0.jar:/Users/marshalljones/.m2/repository/org/threeten/threeten-extra/1.5.0/threeten-extra-1.5.0.jar:/Users/marshalljones/.m2/repository/org/apache/orc/orc-mapreduce/1.6.12/orc-mapreduce-1.6.12.jar:/Users/marshalljones/.m2/repository/org/apache/hive/hive-storage-api/2.7.2/hive-storage-api-2.7.2.jar:/Users/marshalljones/.m2/repository/org/apache/parquet/parquet-column/1.12.2/parquet-column-1.12.2.jar:/Users/marshalljones/.m2/repository/org/apache/parquet/parquet-common/1.12.2/parquet-common-1.12.2.jar:/Users/marshalljones/.m2/repository/org/apache/parquet/parquet-encoding/1.12.2/parquet-encoding-1.12.2.jar:/Users/marshalljones/.m2/repository/org/apache/parquet/parquet-hadoop/1.12.2/parquet-hadoop-1.12.2.jar:/Users/marshalljones/.m2/repository/org/apache/parquet/parquet-format-structures/1.12.2/parquet-format-structures-1.12.2.jar:/Users/marshalljones/.m2/repository/org/apache/parquet/parquet-jackson/1.12.2/parquet-jackson-1.12.2.jar:/Users/marshalljones/.m2/repository/com/fasterxml/jackson/core/jackson-databind/2.12.3/jackson-databind-2.12.3.jar:/Users/marshalljones/.m2/repository/com/fasterxml/jackson/core/jackson-annotations/2.12.3/jackson-annotations-2.12.3.jar:/Users/marshalljones/.m2/repository/com/fasterxml/jackson/core/jackson-core/2.12.3/jackson-core-2.12.3.jar:/Users/marshalljones/.m2/repository/org/apache/xbean/xbean-asm9-shaded/4.20/xbean-asm9-shaded-4.20.jar:/Users/marshalljones/.m2/repository/org/spark-project/spark/unused/1.0.0/unused-1.0.0.jar:/Users/marshalljones/.m2/repository/org/specs2/specs2-core_2.12/4.2.0/specs2-core_2.12-4.2.0.jar:/Users/marshalljones/.m2/repository/org/specs2/specs2-matcher_2.12/4.2.0/specs2-matcher_2.12-4.2.0.jar:/Users/marshalljones/.m2/repository/org/specs2/specs2-common_2.12/4.2.0/specs2-common_2.12-4.2.0.jar:/Users/marshalljones/.m2/repository/org/specs2/specs2-fp_2.12/4.2.0/specs2-fp_2.12-4.2.0.jar:/Users/marshalljones/.m2/repository/org/scala-sbt/test-interface/1.0/test-interface-1.0.jar:/Users/marshalljones/.m2/repository/org/apache/spark/spark-core_2.12/3.2.1/spark-core_2.12-3.2.1.jar:/Users/marshalljones/.m2/repository/org/apache/avro/avro/1.10.2/avro-1.10.2.jar:/Users/marshalljones/.m2/repository/org/apache/commons/commons-compress/1.20/commons-compress-1.20.jar:/Users/marshalljones/.m2/repository/org/apache/avro/avro-mapred/1.10.2/avro-mapred-1.10.2.jar:/Users/marshalljones/.m2/repository/org/apache/avro/avro-ipc/1.10.2/avro-ipc-1.10.2.jar:/Users/marshalljones/.m2/repository/org/tukaani/xz/1.8/xz-1.8.jar:/Users/marshalljones/.m2/repository/com/twitter/chill_2.12/0.10.0/chill_2.12-0.10.0.jar:/Users/marshalljones/.m2/repository/com/esotericsoftware/kryo-shaded/4.0.2/kryo-shaded-4.0.2.jar:/Users/marshalljones/.m2/repository/com/esotericsoftware/minlog/1.3.0/minlog-1.3.0.jar:/Users/marshalljones/.m2/repository/org/objenesis/objenesis/2.5.1/objenesis-2.5.1.jar:/Users/marshalljones/.m2/repository/com/twitter/chill-java/0.10.0/chill-java-0.10.0.jar:/Users/marshalljones/.m2/repository/org/apache/hadoop/hadoop-client-api/3.3.1/hadoop-client-api-3.3.1.jar:/Users/marshalljones/.m2/repository/org/apache/hadoop/hadoop-client-runtime/3.3.1/hadoop-client-runtime-3.3.1.jar:/Users/marshalljones/.m2/repository/org/apache/htrace/htrace-core4/4.1.0-incubating/htrace-core4-4.1.0-incubating.jar:/Users/marshalljones/.m2/repository/commons-logging/commons-logging/1.1.3/commons-logging-1.1.3.jar:/Users/marshalljones/.m2/repository/org/apache/spark/spark-launcher_2.12/3.2.1/spark-launcher_2.12-3.2.1.jar:/Users/marshalljones/.m2/repository/org/apache/spark/spark-kvstore_2.12/3.2.1/spark-kvstore_2.12-3.2.1.jar:/Users/marshalljones/.m2/repository/org/fusesource/leveldbjni/leveldbjni-all/1.8/leveldbjni-all-1.8.jar:/Users/marshalljones/.m2/repository/org/apache/spark/spark-network-common_2.12/3.2.1/spark-network-common_2.12-3.2.1.jar:/Users/marshalljones/.m2/repository/com/google/crypto/tink/tink/1.6.0/tink-1.6.0.jar:/Users/marshalljones/.m2/repository/com/google/code/gson/gson/2.8.6/gson-2.8.6.jar:/Users/marshalljones/.m2/repository/org/apache/spark/spark-network-shuffle_2.12/3.2.1/spark-network-shuffle_2.12-3.2.1.jar:/Users/marshalljones/.m2/repository/org/apache/spark/spark-unsafe_2.12/3.2.1/spark-unsafe_2.12-3.2.1.jar:/Users/marshalljones/.m2/repository/javax/activation/activation/1.1.1/activation-1.1.1.jar:/Users/marshalljones/.m2/repository/org/apache/curator/curator-recipes/2.13.0/curator-recipes-2.13.0.jar:/Users/marshalljones/.m2/repository/org/apache/curator/curator-framework/2.13.0/curator-framework-2.13.0.jar:/Users/marshalljones/.m2/repository/org/apache/curator/curator-client/2.13.0/curator-client-2.13.0.jar:/Users/marshalljones/.m2/repository/com/google/guava/guava/16.0.1/guava-16.0.1.jar:/Users/marshalljones/.m2/repository/org/apache/zookeeper/zookeeper/3.6.2/zookeeper-3.6.2.jar:/Users/marshalljones/.m2/repository/commons-lang/commons-lang/2.6/commons-lang-2.6.jar:/Users/marshalljones/.m2/repository/org/apache/zookeeper/zookeeper-jute/3.6.2/zookeeper-jute-3.6.2.jar:/Users/marshalljones/.m2/repository/org/apache/yetus/audience-annotations/0.5.0/audience-annotations-0.5.0.jar:/Users/marshalljones/.m2/repository/jakarta/servlet/jakarta.servlet-api/4.0.3/jakarta.servlet-api-4.0.3.jar:/Users/marshalljones/.m2/repository/commons-codec/commons-codec/1.15/commons-codec-1.15.jar:/Users/marshalljones/.m2/repository/org/apache/commons/commons-lang3/3.12.0/commons-lang3-3.12.0.jar:/Users/marshalljones/.m2/repository/org/apache/commons/commons-math3/3.4.1/commons-math3-3.4.1.jar:/Users/marshalljones/.m2/repository/org/apache/commons/commons-text/1.6/commons-text-1.6.jar:/Users/marshalljones/.m2/repository/commons-io/commons-io/2.8.0/commons-io-2.8.0.jar:/Users/marshalljones/.m2/repository/commons-collections/commons-collections/3.2.2/commons-collections-3.2.2.jar:/Users/marshalljones/.m2/repository/com/google/code/findbugs/jsr305/3.0.0/jsr305-3.0.0.jar:/Users/marshalljones/.m2/repository/org/slf4j/slf4j-api/1.7.30/slf4j-api-1.7.30.jar:/Users/marshalljones/.m2/repository/org/slf4j/jul-to-slf4j/1.7.30/jul-to-slf4j-1.7.30.jar:/Users/marshalljones/.m2/repository/org/slf4j/jcl-over-slf4j/1.7.30/jcl-over-slf4j-1.7.30.jar:/Users/marshalljones/.m2/repository/log4j/log4j/1.2.17/log4j-1.2.17.jar:/Users/marshalljones/.m2/repository/org/slf4j/slf4j-log4j12/1.7.30/slf4j-log4j12-1.7.30.jar:/Users/marshalljones/.m2/repository/com/ning/compress-lzf/1.0.3/compress-lzf-1.0.3.jar:/Users/marshalljones/.m2/repository/org/xerial/snappy/snappy-java/1.1.8.4/snappy-java-1.1.8.4.jar:/Users/marshalljones/.m2/repository/org/lz4/lz4-java/1.7.1/lz4-java-1.7.1.jar:/Users/marshalljones/.m2/repository/com/github/luben/zstd-jni/1.5.0-4/zstd-jni-1.5.0-4.jar:/Users/marshalljones/.m2/repository/org/roaringbitmap/RoaringBitmap/0.9.0/RoaringBitmap-0.9.0.jar:/Users/marshalljones/.m2/repository/org/roaringbitmap/shims/0.9.0/shims-0.9.0.jar:/Users/marshalljones/.m2/repository/commons-net/commons-net/3.1/commons-net-3.1.jar:/Users/marshalljones/.m2/repository/org/json4s/json4s-jackson_2.12/3.7.0-M11/json4s-jackson_2.12-3.7.0-M11.jar:/Users/marshalljones/.m2/repository/org/json4s/json4s-core_2.12/3.7.0-M11/json4s-core_2.12-3.7.0-M11.jar:/Users/marshalljones/.m2/repository/org/json4s/json4s-ast_2.12/3.7.0-M11/json4s-ast_2.12-3.7.0-M11.jar:/Users/marshalljones/.m2/repository/org/json4s/json4s-scalap_2.12/3.7.0-M11/json4s-scalap_2.12-3.7.0-M11.jar:/Users/marshalljones/.m2/repository/org/glassfish/jersey/core/jersey-client/2.34/jersey-client-2.34.jar:/Users/marshalljones/.m2/repository/jakarta/ws/rs/jakarta.ws.rs-api/2.1.6/jakarta.ws.rs-api-2.1.6.jar:/Users/marshalljones/.m2/repository/org/glassfish/hk2/external/jakarta.inject/2.6.1/jakarta.inject-2.6.1.jar:/Users/marshalljones/.m2/repository/org/glassfish/jersey/core/jersey-common/2.34/jersey-common-2.34.jar:/Users/marshalljones/.m2/repository/jakarta/annotation/jakarta.annotation-api/1.3.5/jakarta.annotation-api-1.3.5.jar:/Users/marshalljones/.m2/repository/org/glassfish/hk2/osgi-resource-locator/1.0.3/osgi-resource-locator-1.0.3.jar:/Users/marshalljones/.m2/repository/org/glassfish/jersey/core/jersey-server/2.34/jersey-server-2.34.jar:/Users/marshalljones/.m2/repository/jakarta/validation/jakarta.validation-api/2.0.2/jakarta.validation-api-2.0.2.jar:/Users/marshalljones/.m2/repository/org/glassfish/jersey/containers/jersey-container-servlet/2.34/jersey-container-servlet-2.34.jar:/Users/marshalljones/.m2/repository/org/glassfish/jersey/containers/jersey-container-servlet-core/2.34/jersey-container-servlet-core-2.34.jar:/Users/marshalljones/.m2/repository/org/glassfish/jersey/inject/jersey-hk2/2.34/jersey-hk2-2.34.jar:/Users/marshalljones/.m2/repository/org/glassfish/hk2/hk2-locator/2.6.1/hk2-locator-2.6.1.jar:/Users/marshalljones/.m2/repository/org/glassfish/hk2/external/aopalliance-repackaged/2.6.1/aopalliance-repackaged-2.6.1.jar:/Users/marshalljones/.m2/repository/org/glassfish/hk2/hk2-api/2.6.1/hk2-api-2.6.1.jar:/Users/marshalljones/.m2/repository/org/glassfish/hk2/hk2-utils/2.6.1/hk2-utils-2.6.1.jar:/Users/marshalljones/.m2/repository/org/javassist/javassist/3.25.0-GA/javassist-3.25.0-GA.jar:/Users/marshalljones/.m2/repository/io/netty/netty-all/4.1.68.Final/netty-all-4.1.68.Final.jar:/Users/marshalljones/.m2/repository/com/clearspring/analytics/stream/2.9.6/stream-2.9.6.jar:/Users/marshalljones/.m2/repository/io/dropwizard/metrics/metrics-core/4.2.0/metrics-core-4.2.0.jar:/Users/marshalljones/.m2/repository/io/dropwizard/metrics/metrics-jvm/4.2.0/metrics-jvm-4.2.0.jar:/Users/marshalljones/.m2/repository/io/dropwizard/metrics/metrics-json/4.2.0/metrics-json-4.2.0.jar:/Users/marshalljones/.m2/repository/io/dropwizard/metrics/metrics-graphite/4.2.0/metrics-graphite-4.2.0.jar:/Users/marshalljones/.m2/repository/io/dropwizard/metrics/metrics-jmx/4.2.0/metrics-jmx-4.2.0.jar:/Users/marshalljones/.m2/repository/com/fasterxml/jackson/module/jackson-module-scala_2.12/2.12.3/jackson-module-scala_2.12-2.12.3.jar:/Users/marshalljones/.m2/repository/com/thoughtworks/paranamer/paranamer/2.8/paranamer-2.8.jar:/Users/marshalljones/.m2/repository/org/apache/ivy/ivy/2.5.0/ivy-2.5.0.jar:/Users/marshalljones/.m2/repository/oro/oro/2.0.8/oro-2.0.8.jar:/Users/marshalljones/.m2/repository/net/razorvine/pyrolite/4.30/pyrolite-4.30.jar:/Users/marshalljones/.m2/repository/net/sf/py4j/py4j/0.10.9.3/py4j-0.10.9.3.jar:/Users/marshalljones/.m2/repository/org/apache/commons/commons-crypto/1.1.0/commons-crypto-1.1.0.jar:/Users/marshalljones/.m2/repository/org/specs2/specs2-junit_2.12/4.2.0/specs2-junit_2.12-4.2.0.jar:/Users/marshalljones/.m2/repository/org/apache/spark/spark-core_2.13/3.2.1/spark-core_2.13-3.2.1.jar:/Users/marshalljones/.m2/repository/org/scala-lang/modules/scala-parallel-collections_2.13/1.0.3/scala-parallel-collections_2.13-1.0.3.jar:/Users/marshalljones/.m2/repository/com/twitter/chill_2.13/0.10.0/chill_2.13-0.10.0.jar:/Users/marshalljones/.m2/repository/org/apache/spark/spark-launcher_2.13/3.2.1/spark-launcher_2.13-3.2.1.jar:/Users/marshalljones/.m2/repository/org/apache/spark/spark-kvstore_2.13/3.2.1/spark-kvstore_2.13-3.2.1.jar:/Users/marshalljones/.m2/repository/org/apache/spark/spark-network-common_2.13/3.2.1/spark-network-common_2.13-3.2.1.jar:/Users/marshalljones/.m2/repository/org/apache/spark/spark-network-shuffle_2.13/3.2.1/spark-network-shuffle_2.13-3.2.1.jar:/Users/marshalljones/.m2/repository/org/apache/spark/spark-unsafe_2.13/3.2.1/spark-unsafe_2.13-3.2.1.jar:/Users/marshalljones/.m2/repository/org/scala-lang/modules/scala-xml_2.13/1.2.0/scala-xml_2.13-1.2.0.jar:/Users/marshalljones/.m2/repository/org/json4s/json4s-jackson_2.13/3.7.0-M11/json4s-jackson_2.13-3.7.0-M11.jar:/Users/marshalljones/.m2/repository/org/json4s/json4s-core_2.13/3.7.0-M11/json4s-core_2.13-3.7.0-M11.jar:/Users/marshalljones/.m2/repository/org/json4s/json4s-ast_2.13/3.7.0-M11/json4s-ast_2.13-3.7.0-M11.jar:/Users/marshalljones/.m2/repository/org/json4s/json4s-scalap_2.13/3.7.0-M11/json4s-scalap_2.13-3.7.0-M11.jar:/Users/marshalljones/.m2/repository/com/fasterxml/jackson/module/jackson-module-scala_2.13/2.12.3/jackson-module-scala_2.13-2.12.3.jar:/Users/marshalljones/.m2/repository/org/apache/spark/spark-tags_2.13/3.2.1/spark-tags_2.13-3.2.1.jar:/Users/marshalljones/.m2/repository/edu/ucr/cs/bdlab/commontest/0.10.0-RC1/commontest-0.10.0-RC1.jar:/Users/marshalljones/.m2/repository/edu/ucr/cs/bdlab/beast-spark/0.10.0-RC1/beast-spark-0.10.0-RC1.jar:/Users/marshalljones/.m2/repository/edu/ucr/cs/bdlab/common/0.10.0-RC1/common-0.10.0-RC1.jar:/Users/marshalljones/.m2/repository/org/mortbay/jetty/jetty/6.1.26/jetty-6.1.26.jar:/Users/marshalljones/.m2/repository/org/mortbay/jetty/jetty-util/6.1.26/jetty-util-6.1.26.jar:/Users/marshalljones/.m2/repository/org/mortbay/jetty/servlet-api/2.5-20081211/servlet-api-2.5-20081211.jar:/Users/marshalljones/.m2/repository/org/locationtech/jts/jts-core/1.18.2/jts-core-1.18.2.jar:/Users/marshalljones/.m2/repository/org/apache/httpcomponents/httpcore/4.4.14/httpcore-4.4.14.jar:/Users/marshalljones/.m2/repository/org/apache/httpcomponents/httpclient/4.5.13/httpclient-4.5.13.jar:/Users/marshalljones/.m2/repository/edu/ucr/cs/bdlab/io/0.10.0-RC1/io-0.10.0-RC1.jar:/Users/marshalljones/.m2/repository/edu/ucr/cs/bdlab/visualization/0.10.0-RC1/visualization-0.10.0-RC1.jar:/Users/marshalljones/.m2/repository/edu/ucr/cs/bdlab/cg/0.10.0-RC1/cg-0.10.0-RC1.jar:/Users/marshalljones/.m2/repository/org/geotools/gt-epsg-hsql/26.1/gt-epsg-hsql-26.1.jar:/Users/marshalljones/.m2/repository/org/geotools/gt-referencing/26.1/gt-referencing-26.1.jar:/Users/marshalljones/.m2/repository/org/ejml/ejml-ddense/0.34/ejml-ddense-0.34.jar:/Users/marshalljones/.m2/repository/org/ejml/ejml-core/0.34/ejml-core-0.34.jar:/Users/marshalljones/.m2/repository/commons-pool/commons-pool/1.5.4/commons-pool-1.5.4.jar:/Users/marshalljones/.m2/repository/org/geotools/gt-metadata/26.1/gt-metadata-26.1.jar:/Users/marshalljones/.m2/repository/org/geotools/gt-opengis/26.1/gt-opengis-26.1.jar:/Users/marshalljones/.m2/repository/systems/uom/systems-common/2.0.2/systems-common-2.0.2.jar:/Users/marshalljones/.m2/repository/javax/measure/unit-api/2.0/unit-api-2.0.jar:/Users/marshalljones/.m2/repository/tech/units/indriya/2.0.2/indriya-2.0.2.jar:/Users/marshalljones/.m2/repository/tech/uom/lib/uom-lib-common/2.0/uom-lib-common-2.0.jar:/Users/marshalljones/.m2/repository/javax/inject/javax.inject/1/javax.inject-1.jar:/Users/marshalljones/.m2/repository/si/uom/si-quantity/2.0.1/si-quantity-2.0.1.jar:/Users/marshalljones/.m2/repository/si/uom/si-units/2.0.1/si-units-2.0.1.jar:/Users/marshalljones/.m2/repository/org/geotools/ogc/net.opengis.ows/26.1/net.opengis.ows-26.1.jar:/Users/marshalljones/.m2/repository/org/geotools/ogc/org.w3.xlink/26.1/org.w3.xlink-26.1.jar:/Users/marshalljones/.m2/repository/org/eclipse/emf/org.eclipse.emf.common/2.15.0/org.eclipse.emf.common-2.15.0.jar:/Users/marshalljones/.m2/repository/org/eclipse/emf/org.eclipse.emf.ecore/2.15.0/org.eclipse.emf.ecore-2.15.0.jar:/Users/marshalljones/.m2/repository/org/eclipse/emf/org.eclipse.emf.ecore.xmi/2.15.0/org.eclipse.emf.ecore.xmi-2.15.0.jar:/Users/marshalljones/.m2/repository/it/geosolutions/jgridshift/jgridshift-core/1.3/jgridshift-core-1.3.jar:/Users/marshalljones/.m2/repository/net/sf/geographiclib/GeographicLib-Java/1.49/GeographicLib-Java-1.49.jar:/Users/marshalljones/.m2/repository/org/hsqldb/hsqldb/2.4.1/hsqldb-2.4.1.jar:/Users/marshalljones/.m2/repository/javax/media/jai_core/1.1.3/jai_core-1.1.3.jar:/Users/marshalljones/.m2/repository/org/eclipse/jetty/jetty-server/9.4.48.v20220622/jetty-server-9.4.48.v20220622.jar:/Users/marshalljones/.m2/repository/javax/servlet/javax.servlet-api/3.1.0/javax.servlet-api-3.1.0.jar:/Users/marshalljones/.m2/repository/org/eclipse/jetty/jetty-http/9.4.48.v20220622/jetty-http-9.4.48.v20220622.jar:/Users/marshalljones/.m2/repository/org/eclipse/jetty/jetty-util/9.4.48.v20220622/jetty-util-9.4.48.v20220622.jar:/Users/marshalljones/.m2/repository/org/eclipse/jetty/jetty-io/9.4.48.v20220622/jetty-io-9.4.48.v20220622.jar:/Users/marshalljones/.m2/repository/org/eclipse/jetty/jetty-servlet/9.4.48.v20220622/jetty-servlet-9.4.48.v20220622.jar:/Users/marshalljones/.m2/repository/org/eclipse/jetty/jetty-security/9.4.48.v20220622/jetty-security-9.4.48.v20220622.jar:/Users/marshalljones/.m2/repository/org/eclipse/jetty/jetty-util-ajax/9.4.48.v20220622/jetty-util-ajax-9.4.48.v20220622.jar:/Users/marshalljones/.m2/repository/edu/ucr/cs/bdlab/raptor/0.10.0-RC1/raptor-0.10.0-RC1.jar:/Users/marshalljones/.m2/repository/edu/ucr/cs/bdlab/jhdf/0.1.5/jhdf-0.1.5.jar:/Users/marshalljones/.m2/repository/org/apache/hadoop/hadoop-common/3.3.1/hadoop-common-3.3.1.jar:/Users/marshalljones/.m2/repository/org/apache/hadoop/thirdparty/hadoop-shaded-protobuf_3_7/1.1.1/hadoop-shaded-protobuf_3_7-1.1.1.jar:/Users/marshalljones/.m2/repository/org/apache/hadoop/hadoop-annotations/3.3.1/hadoop-annotations-3.3.1.jar:/Users/marshalljones/.m2/repository/org/apache/hadoop/thirdparty/hadoop-shaded-guava/1.1.1/hadoop-shaded-guava-1.1.1.jar:/Users/marshalljones/.m2/repository/commons-cli/commons-cli/1.2/commons-cli-1.2.jar:/Users/marshalljones/.m2/repository/jakarta/activation/jakarta.activation-api/1.2.1/jakarta.activation-api-1.2.1.jar:/Users/marshalljones/.m2/repository/org/eclipse/jetty/jetty-webapp/9.4.40.v20210413/jetty-webapp-9.4.40.v20210413.jar:/Users/marshalljones/.m2/repository/org/eclipse/jetty/jetty-xml/9.4.40.v20210413/jetty-xml-9.4.40.v20210413.jar:/Users/marshalljones/.m2/repository/javax/servlet/jsp/jsp-api/2.1/jsp-api-2.1.jar:/Users/marshalljones/.m2/repository/com/sun/jersey/jersey-core/1.19/jersey-core-1.19.jar:/Users/marshalljones/.m2/repository/javax/ws/rs/jsr311-api/1.1.1/jsr311-api-1.1.1.jar:/Users/marshalljones/.m2/repository/com/sun/jersey/jersey-servlet/1.19/jersey-servlet-1.19.jar:/Users/marshalljones/.m2/repository/com/sun/jersey/jersey-json/1.19/jersey-json-1.19.jar:/Users/marshalljones/.m2/repository/org/codehaus/jettison/jettison/1.1/jettison-1.1.jar:/Users/marshalljones/.m2/repository/com/sun/xml/bind/jaxb-impl/2.2.3-1/jaxb-impl-2.2.3-1.jar:/Users/marshalljones/.m2/repository/org/codehaus/jackson/jackson-core-asl/1.9.2/jackson-core-asl-1.9.2.jar:/Users/marshalljones/.m2/repository/org/codehaus/jackson/jackson-mapper-asl/1.9.2/jackson-mapper-asl-1.9.2.jar:/Users/marshalljones/.m2/repository/org/codehaus/jackson/jackson-jaxrs/1.9.2/jackson-jaxrs-1.9.2.jar:/Users/marshalljones/.m2/repository/org/codehaus/jackson/jackson-xc/1.9.2/jackson-xc-1.9.2.jar:/Users/marshalljones/.m2/repository/com/sun/jersey/jersey-server/1.19/jersey-server-1.19.jar:/Users/marshalljones/.m2/repository/commons-beanutils/commons-beanutils/1.9.4/commons-beanutils-1.9.4.jar:/Users/marshalljones/.m2/repository/org/apache/commons/commons-configuration2/2.1.1/commons-configuration2-2.1.1.jar:/Users/marshalljones/.m2/repository/com/google/re2j/re2j/1.1/re2j-1.1.jar:/Users/marshalljones/.m2/repository/org/apache/hadoop/hadoop-auth/3.3.1/hadoop-auth-3.3.1.jar:/Users/marshalljones/.m2/repository/com/nimbusds/nimbus-jose-jwt/9.8.1/nimbus-jose-jwt-9.8.1.jar:/Users/marshalljones/.m2/repository/com/github/stephenc/jcip/jcip-annotations/1.0-1/jcip-annotations-1.0-1.jar:/Users/marshalljones/.m2/repository/net/minidev/json-smart/2.4.2/json-smart-2.4.2.jar:/Users/marshalljones/.m2/repository/net/minidev/accessors-smart/2.4.2/accessors-smart-2.4.2.jar:/Users/marshalljones/.m2/repository/org/ow2/asm/asm/8.0.1/asm-8.0.1.jar:/Users/marshalljones/.m2/repository/org/apache/kerby/kerb-simplekdc/1.0.1/kerb-simplekdc-1.0.1.jar:/Users/marshalljones/.m2/repository/org/apache/kerby/kerb-client/1.0.1/kerb-client-1.0.1.jar:/Users/marshalljones/.m2/repository/org/apache/kerby/kerby-config/1.0.1/kerby-config-1.0.1.jar:/Users/marshalljones/.m2/repository/org/apache/kerby/kerb-common/1.0.1/kerb-common-1.0.1.jar:/Users/marshalljones/.m2/repository/org/apache/kerby/kerb-crypto/1.0.1/kerb-crypto-1.0.1.jar:/Users/marshalljones/.m2/repository/org/apache/kerby/kerb-util/1.0.1/kerb-util-1.0.1.jar:/Users/marshalljones/.m2/repository/org/apache/kerby/token-provider/1.0.1/token-provider-1.0.1.jar:/Users/marshalljones/.m2/repository/org/apache/kerby/kerb-admin/1.0.1/kerb-admin-1.0.1.jar:/Users/marshalljones/.m2/repository/org/apache/kerby/kerb-server/1.0.1/kerb-server-1.0.1.jar:/Users/marshalljones/.m2/repository/org/apache/kerby/kerb-identity/1.0.1/kerb-identity-1.0.1.jar:/Users/marshalljones/.m2/repository/org/apache/kerby/kerby-xdr/1.0.1/kerby-xdr-1.0.1.jar:/Users/marshalljones/.m2/repository/com/jcraft/jsch/0.1.55/jsch-0.1.55.jar:/Users/marshalljones/.m2/repository/org/apache/kerby/kerb-core/1.0.1/kerb-core-1.0.1.jar:/Users/marshalljones/.m2/repository/org/apache/kerby/kerby-pkix/1.0.1/kerby-pkix-1.0.1.jar:/Users/marshalljones/.m2/repository/org/apache/kerby/kerby-asn1/1.0.1/kerby-asn1-1.0.1.jar:/Users/marshalljones/.m2/repository/org/apache/kerby/kerby-util/1.0.1/kerby-util-1.0.1.jar:/Users/marshalljones/.m2/repository/org/codehaus/woodstox/stax2-api/4.2.1/stax2-api-4.2.1.jar:/Users/marshalljones/.m2/repository/com/fasterxml/woodstox/woodstox-core/5.3.0/woodstox-core-5.3.0.jar:/Users/marshalljones/.m2/repository/dnsjava/dnsjava/2.1.7/dnsjava-2.1.7.jar:/Users/marshalljones/.m2/repository/org/apache/hadoop/hadoop-hdfs/3.3.1/hadoop-hdfs-3.3.1.jar:/Users/marshalljones/.m2/repository/commons-daemon/commons-daemon/1.0.13/commons-daemon-1.0.13.jar:/Users/marshalljones/.m2/repository/io/netty/netty/3.10.6.Final/netty-3.10.6.Final.jar:/Users/marshalljones/.m2/repository/org/geotools/gt-coverage/26.1/gt-coverage-26.1.jar:/Users/marshalljones/.m2/repository/org/geotools/gt-main/26.1/gt-main-26.1.jar:/Users/marshalljones/.m2/repository/org/geotools/gt-http/26.1/gt-http-26.1.jar:/Users/marshalljones/.m2/repository/javax/media/jai_imageio/1.1/jai_imageio-1.1.jar:/Users/marshalljones/.m2/repository/it/geosolutions/imageio-ext/imageio-ext-tiff/1.3.10/imageio-ext-tiff-1.3.10.jar:/Users/marshalljones/.m2/repository/it/geosolutions/imageio-ext/imageio-ext-utilities/1.3.10/imageio-ext-utilities-1.3.10.jar:/Users/marshalljones/.m2/repository/it/geosolutions/imageio-ext/imageio-ext-geocore/1.3.10/imageio-ext-geocore-1.3.10.jar:/Users/marshalljones/.m2/repository/it/geosolutions/imageio-ext/imageio-ext-streams/1.3.10/imageio-ext-streams-1.3.10.jar:/Users/marshalljones/.m2/repository/org/glassfish/jaxb/jaxb-runtime/2.4.0-b180830.0438/jaxb-runtime-2.4.0-b180830.0438.jar:/Users/marshalljones/.m2/repository/org/glassfish/jaxb/txw2/2.4.0-b180830.0438/txw2-2.4.0-b180830.0438.jar:/Users/marshalljones/.m2/repository/com/sun/istack/istack-commons-runtime/3.0.7/istack-commons-runtime-3.0.7.jar:/Users/marshalljones/.m2/repository/org/jvnet/staxex/stax-ex/1.8/stax-ex-1.8.jar:/Users/marshalljones/.m2/repository/com/sun/xml/fastinfoset/FastInfoset/1.2.15/FastInfoset-1.2.15.jar:/Users/marshalljones/.m2/repository/javax/activation/javax.activation-api/1.2.0/javax.activation-api-1.2.0.jar:/Users/marshalljones/.m2/repository/javax/media/jai_codec/1.1.3/jai_codec-1.1.3.jar:/Users/marshalljones/.m2/repository/org/jaitools/jt-zonalstats/1.6.0/jt-zonalstats-1.6.0.jar:/Users/marshalljones/.m2/repository/org/jaitools/jt-utils/1.6.0/jt-utils-1.6.0.jar:/Users/marshalljones/.m2/repository/it/geosolutions/jaiext/affine/jt-affine/1.1.20/jt-affine-1.1.20.jar:/Users/marshalljones/.m2/repository/it/geosolutions/jaiext/algebra/jt-algebra/1.1.20/jt-algebra-1.1.20.jar:/Users/marshalljones/.m2/repository/it/geosolutions/jaiext/bandmerge/jt-bandmerge/1.1.20/jt-bandmerge-1.1.20.jar:/Users/marshalljones/.m2/repository/it/geosolutions/jaiext/bandselect/jt-bandselect/1.1.20/jt-bandselect-1.1.20.jar:/Users/marshalljones/.m2/repository/it/geosolutions/jaiext/bandcombine/jt-bandcombine/1.1.20/jt-bandcombine-1.1.20.jar:/Users/marshalljones/.m2/repository/it/geosolutions/jaiext/border/jt-border/1.1.20/jt-border-1.1.20.jar:/Users/marshalljones/.m2/repository/it/geosolutions/jaiext/buffer/jt-buffer/1.1.20/jt-buffer-1.1.20.jar:/Users/marshalljones/.m2/repository/it/geosolutions/jaiext/crop/jt-crop/1.1.20/jt-crop-1.1.20.jar:/Users/marshalljones/.m2/repository/it/geosolutions/jaiext/iterators/jt-iterators/1.1.20/jt-iterators-1.1.20.jar:/Users/marshalljones/.m2/repository/it/geosolutions/jaiext/lookup/jt-lookup/1.1.20/jt-lookup-1.1.20.jar:/Users/marshalljones/.m2/repository/it/geosolutions/jaiext/mosaic/jt-mosaic/1.1.20/jt-mosaic-1.1.20.jar:/Users/marshalljones/.m2/repository/it/geosolutions/jaiext/nullop/jt-nullop/1.1.20/jt-nullop-1.1.20.jar:/Users/marshalljones/.m2/repository/it/geosolutions/jaiext/rescale/jt-rescale/1.1.20/jt-rescale-1.1.20.jar:/Users/marshalljones/.m2/repository/it/geosolutions/jaiext/scale/jt-scale/1.1.20/jt-scale-1.1.20.jar:/Users/marshalljones/.m2/repository/it/geosolutions/jaiext/scale2/jt-scale2/1.1.20/jt-scale2-1.1.20.jar:/Users/marshalljones/.m2/repository/org/huldra/math/bigint/0.7.1/bigint-0.7.1.jar:/Users/marshalljones/.m2/repository/it/geosolutions/jaiext/stats/jt-stats/1.1.20/jt-stats-1.1.20.jar:/Users/marshalljones/.m2/repository/it/geosolutions/jaiext/translate/jt-translate/1.1.20/jt-translate-1.1.20.jar:/Users/marshalljones/.m2/repository/it/geosolutions/jaiext/utilities/jt-utilities/1.1.20/jt-utilities-1.1.20.jar:/Users/marshalljones/.m2/repository/it/geosolutions/jaiext/warp/jt-warp/1.1.20/jt-warp-1.1.20.jar:/Users/marshalljones/.m2/repository/it/geosolutions/jaiext/zonal/jt-zonal/1.1.20/jt-zonal-1.1.20.jar:/Users/marshalljones/.m2/repository/it/geosolutions/jaiext/binarize/jt-binarize/1.1.20/jt-binarize-1.1.20.jar:/Users/marshalljones/.m2/repository/it/geosolutions/jaiext/format/jt-format/1.1.20/jt-format-1.1.20.jar:/Users/marshalljones/.m2/repository/it/geosolutions/jaiext/colorconvert/jt-colorconvert/1.1.20/jt-colorconvert-1.1.20.jar:/Users/marshalljones/.m2/repository/it/geosolutions/jaiext/errordiffusion/jt-errordiffusion/1.1.20/jt-errordiffusion-1.1.20.jar:/Users/marshalljones/.m2/repository/it/geosolutions/jaiext/orderdither/jt-orderdither/1.1.20/jt-orderdither-1.1.20.jar:/Users/marshalljones/.m2/repository/it/geosolutions/jaiext/colorindexer/jt-colorindexer/1.1.20/jt-colorindexer-1.1.20.jar:/Users/marshalljones/.m2/repository/it/geosolutions/jaiext/imagefunction/jt-imagefunction/1.1.20/jt-imagefunction-1.1.20.jar:/Users/marshalljones/.m2/repository/it/geosolutions/jaiext/piecewise/jt-piecewise/1.1.20/jt-piecewise-1.1.20.jar:/Users/marshalljones/.m2/repository/it/geosolutions/jaiext/classifier/jt-classifier/1.1.20/jt-classifier-1.1.20.jar:/Users/marshalljones/.m2/repository/it/geosolutions/jaiext/rlookup/jt-rlookup/1.1.20/jt-rlookup-1.1.20.jar:/Users/marshalljones/.m2/repository/it/geosolutions/jaiext/vectorbin/jt-vectorbin/1.1.20/jt-vectorbin-1.1.20.jar:/Users/marshalljones/.m2/repository/it/geosolutions/jaiext/shadedrelief/jt-shadedrelief/1.1.20/jt-shadedrelief-1.1.20.jar">
</property>
    <property name="java.vm.specification.version" value="11"/>
    <property name="sun.arch.data.model" value="64"/>
    <property 
    name="sun.java.command" value="org.scalatest.tools.Runner -R /Users/marshalljones/cs167/first_workspace/mjone032_lab6/target/classes /Users/marshalljones/cs167/first_workspace/mjone032_lab6/target/test-classes -j samples.AppTest -o -f /Users/marshalljones/cs167/first_workspace/mjone032_lab6/target/surefire-reports/TestSuiteReport.txt -u /Users/marshalljones/cs167/first_workspace/mjone032_lab6/target/surefire-reports/.">
</property>
    <property 
    name="java.home" value="/Users/marshalljones/cs167/jdk-11.0.18.jdk/Contents/Home">
</property>
    <property name="user.language" value="en"/>
    <property name="java.specification.vendor" value="Oracle Corporation"/>
    <property name="awt.toolkit" value="sun.lwawt.macosx.LWCToolkit"/>
    <property name="java.vm.info" value="mixed mode"/>
    <property name="java.version" value="11.0.18"/>
    <property name="java.vendor" value="Oracle Corporation"/>
    <property name="file.separator" value="/"/>
    <property name="java.version.date" value="2023-01-17"/>
    <property 
    name="java.vendor.url.bug" value="https://bugreport.java.com/bugreport/">
</property>
    <property name="sun.io.unicode.encoding" value="UnicodeBig"/>
    <property name="sun.cpu.endian" value="little"/>
    <property name="java.vendor.version" value="18.9"/>
    <property 
    name="socksNonProxyHosts" value="local|*.local|169.254/16|*.169.254/16">
</property>
    <property 
    name="ftp.nonProxyHosts" value="local|*.local|169.254/16|*.169.254/16">
</property>
    <property name="sun.cpu.isalist" value=""/>
  </properties>
  <system-out><![CDATA[]]></system-out>
  <system-err><![CDATA[]]></system-err>
</testsuite>
